<?xml version="1.0" ?>
<!DOCTYPE coverage
  SYSTEM 'http://cobertura.sourceforge.net/xml/coverage-03.dtd'>
<coverage branch-rate="0" line-rate="0" timestamp="1360217085103" version="3.6">
	<!-- Generated by coverage.py: http://nedbatchelder.com/code/coverage -->
	<packages>
		<package branch-rate="0" complexity="0" line-rate="0" name="">
			<classes>
				<class branch-rate="0" complexity="0" filename="__init__.py" line-rate="0" name="ubertool_src">
					<methods/>
					<lines/>
				</class>
			</classes>
		</package>
		<package branch-rate="0" complexity="0" line-rate="0" name="ubertool_src">
			<classes>
				<class branch-rate="0" complexity="0" filename="rice/__init__.py" line-rate="0" name="ubertool_src.rice">
					<methods/>
					<lines/>
				</class>
			</classes>
		</package>
	</packages>
</coverage>
